<?xml version="1.0" encoding="windows-1252" standalone="no"?>
<!DOCTYPE log SYSTEM "logger.dtd">
<log>
<record>
  <date>2016-02-12T19:03:49</date>
  <millis>1455332629982</millis>
  <sequence>0</sequence>
  <logger>sudoku.output</logger>
  <level>INFO</level>
  <class>outputLog</class>
  <method>writeLog</method>
  <thread>1</thread>
  <message>
TOTAL_START=  1455332629 seconds (System Time)
PREPROCESSING_START= 1455332629982
PREPROCESSING_DONE= 1455332629982
SEARCH_START=  1455332629 seconds (System Time)
SEARCH_DONE=  1455332629 seconds (System Time)
SOLUTION_TIME= 0 seconds (Relative Time)
STATUS= Success
SOLUTION= (4, 9, 2, 5, 7, 1, 3, 8, 6, 8, 6, 5, 4, 2, 3, 7, 1, 9, 3, 7, 1, 8, 9, 6, 2, 4, 5, 9, 3, 8, 1, 5, 7, 6, 2, 4, 2, 4, 7, 3, 6, 9, 8, 5, 1, 1, 5, 6, 2, 4, 8, 9, 3, 7, 6, 8, 4, 9, 1, 2, 5, 7, 3, 5, 2, 9, 7, 3, 4, 1, 6, 8, 7, 1, 3, 6, 8, 5, 4, 9, 2, )
COUNT_NODES= 1605
COUNT_DEADENDS= 1556</message>
</record>
</log>
<?xml version="1.0" encoding="windows-1252" standalone="no"?>
<!DOCTYPE log SYSTEM "logger.dtd">
<log>
<record>
  <date>2016-02-12T22:15:54</date>
  <millis>1455344154249</millis>
  <sequence>0</sequence>
  <logger>sudoku.output</logger>
  <level>INFO</level>
  <class>outputLog</class>
  <method>writeLog</method>
  <thread>1</thread>
  <message>
TOTAL_START=  1455344154 seconds (System Time)
PREPROCESSING_START= 1455344154248
PREPROCESSING_DONE= 1455344154248
SEARCH_START=  1455344154 seconds (System Time)
SEARCH_DONE=  1455344154 seconds (System Time)
SOLUTION_TIME= 0 seconds (Relative Time)
STATUS= Success
SOLUTION= (0, 0, 0, 0, 0, 0, 0, 0, 0, 0, 0, 0, 0, 0, 0, 0, 0, 0, 0, 0, 0, 0, 0, 0, 0, 0, 0, 0, 0, 0, 0, 0, 0, 0, 0, 0, 0, 0, 0, 0, 0, 0, 0, 0, 0, 0, 0, 0, 0, 0, 0, 0, 0, 0, 0, 0, 0, 0, 0, 0, 0, 0, 0, 0, 0, 0, 0, 0, 0, 0, 0, 0, 0, 0, 0, 0, 0, 0, 0, 0, 0, )
COUNT_NODES= 0
COUNT_DEADENDS= 0</message>
</record>
</log>
<?xml version="1.0" encoding="windows-1252" standalone="no"?>
<!DOCTYPE log SYSTEM "logger.dtd">
<log>
<record>
  <date>2016-02-12T22:16:04</date>
  <millis>1455344164984</millis>
  <sequence>0</sequence>
  <logger>sudoku.output</logger>
  <level>INFO</level>
  <class>outputLog</class>
  <method>writeLog</method>
  <thread>1</thread>
  <message>
TOTAL_START=  1455344164 seconds (System Time)
PREPROCESSING_START= 1455344164983
PREPROCESSING_DONE= 1455344164983
SEARCH_START=  1455344164 seconds (System Time)
SEARCH_DONE=  1455344164 seconds (System Time)
SOLUTION_TIME= 0 seconds (Relative Time)
STATUS= Success
SOLUTION= (0, 0, 0, 0, 0, 0, 0, 0, 0, 0, 0, 0, 0, 0, 0, 0, 0, 0, 0, 0, 0, 0, 0, 0, 0, 0, 0, 0, 0, 0, 0, 0, 0, 0, 0, 0, 0, 0, 0, 0, 0, 0, 0, 0, 0, 0, 0, 0, 0, 0, 0, 0, 0, 0, 0, 0, 0, 0, 0, 0, 0, 0, 0, 0, 0, 0, 0, 0, 0, 0, 0, 0, 0, 0, 0, 0, 0, 0, 0, 0, 0, )
COUNT_NODES= 0
COUNT_DEADENDS= 0</message>
</record>
</log>
<?xml version="1.0" encoding="windows-1252" standalone="no"?>
<!DOCTYPE log SYSTEM "logger.dtd">
<log>
<record>
  <date>2016-02-12T22:16:40</date>
  <millis>1455344200698</millis>
  <sequence>0</sequence>
  <logger>sudoku.output</logger>
  <level>INFO</level>
  <class>outputLog</class>
  <method>writeLog</method>
  <thread>1</thread>
  <message>
TOTAL_START=  1455344200 seconds (System Time)
PREPROCESSING_START= 1455344200697
PREPROCESSING_DONE= 1455344200697
SEARCH_START=  1455344200 seconds (System Time)
SEARCH_DONE=  1455344200 seconds (System Time)
SOLUTION_TIME= 0 seconds (Relative Time)
STATUS= Success
SOLUTION= (0, 0, 0, 0, 0, 0, 0, 0, 0, 0, 0, 0, 0, 0, 0, 0, 0, 0, 0, 0, 0, 0, 0, 0, 0, 0, 0, 0, 0, 0, 0, 0, 0, 0, 0, 0, 0, 0, 0, 0, 0, 0, 0, 0, 0, 0, 0, 0, 0, 0, 0, 0, 0, 0, 0, 0, 0, 0, 0, 0, 0, 0, 0, 0, 0, 0, 0, 0, 0, 0, 0, 0, 0, 0, 0, 0, 0, 0, 0, 0, 0, )
COUNT_NODES= 0
COUNT_DEADENDS= 0</message>
</record>
</log>
<?xml version="1.0" encoding="windows-1252" standalone="no"?>
<!DOCTYPE log SYSTEM "logger.dtd">
<log>
<record>
  <date>2016-02-12T22:22:30</date>
  <millis>1455344550417</millis>
  <sequence>0</sequence>
  <logger>sudoku.output</logger>
  <level>INFO</level>
  <class>outputLog</class>
  <method>writeLog</method>
  <thread>1</thread>
  <message>
TOTAL_START=  1455344550 seconds (System Time)
PREPROCESSING_START= 1455344550416
PREPROCESSING_DONE= 1455344550416
SEARCH_START=  1455344550 seconds (System Time)
SEARCH_DONE=  1455344550 seconds (System Time)
SOLUTION_TIME= 0 seconds (Relative Time)
STATUS= Success
SOLUTION= (4, 9, 2, 5, 7, 1, 3, 8, 6, 8, 6, 5, 4, 2, 3, 7, 1, 9, 3, 7, 1, 8, 9, 6, 2, 4, 5, 9, 3, 8, 1, 5, 7, 6, 2, 4, 2, 4, 7, 3, 6, 9, 8, 5, 1, 1, 5, 6, 2, 4, 8, 9, 3, 7, 6, 8, 4, 9, 1, 2, 5, 7, 3, 5, 2, 9, 7, 3, 4, 1, 6, 8, 7, 1, 3, 6, 8, 5, 4, 9, 2, )
COUNT_NODES= 1605
COUNT_DEADENDS= 1556</message>
</record>
</log>
<?xml version="1.0" encoding="windows-1252" standalone="no"?>
<!DOCTYPE log SYSTEM "logger.dtd">
<log>
<record>
  <date>2016-02-12T22:22:34</date>
  <millis>1455344554763</millis>
  <sequence>0</sequence>
  <logger>sudoku.output</logger>
  <level>INFO</level>
  <class>outputLog</class>
  <method>writeLog</method>
  <thread>1</thread>
  <message>
TOTAL_START=  1455344554 seconds (System Time)
PREPROCESSING_START= 1455344554763
PREPROCESSING_DONE= 1455344554763
SEARCH_START=  1455344554 seconds (System Time)
SEARCH_DONE=  1455344554 seconds (System Time)
SOLUTION_TIME= 0 seconds (Relative Time)
STATUS= Success
SOLUTION= (0, 0, 0, 0, 0, 0, 0, 0, 0, 0, 0, 0, 0, 0, 0, 0, 0, 0, 0, 0, 0, 0, 0, 0, 0, 0, 0, 0, 0, 0, 0, 0, 0, 0, 0, 0, 0, 0, 0, 0, 0, 0, 0, 0, 0, 0, 0, 0, 0, 0, 0, 0, 0, 0, 0, 0, 0, 0, 0, 0, 0, 0, 0, 0, 0, 0, 0, 0, 0, 0, 0, 0, 0, 0, 0, 0, 0, 0, 0, 0, 0, )
COUNT_NODES= 9
COUNT_DEADENDS= 9</message>
</record>
</log>
<?xml version="1.0" encoding="windows-1252" standalone="no"?>
<!DOCTYPE log SYSTEM "logger.dtd">
<log>
<record>
  <date>2016-02-12T22:23:18</date>
  <millis>1455344598921</millis>
  <sequence>0</sequence>
  <logger>sudoku.output</logger>
  <level>INFO</level>
  <class>outputLog</class>
  <method>writeLog</method>
  <thread>1</thread>
  <message>
TOTAL_START=  1455344598 seconds (System Time)
PREPROCESSING_START= 1455344598921
PREPROCESSING_DONE= 1455344598921
SEARCH_START=  1455344598 seconds (System Time)
SEARCH_DONE=  1455344598 seconds (System Time)
SOLUTION_TIME= 0 seconds (Relative Time)
STATUS= Success
SOLUTION= (4, 9, 2, 5, 7, 1, 3, 8, 6, 8, 6, 5, 4, 2, 3, 7, 1, 9, 3, 7, 1, 8, 9, 6, 2, 4, 5, 9, 3, 8, 1, 5, 7, 6, 2, 4, 2, 4, 7, 3, 6, 9, 8, 5, 1, 1, 5, 6, 2, 4, 8, 9, 3, 7, 6, 8, 4, 9, 1, 2, 5, 7, 3, 5, 2, 9, 7, 3, 4, 1, 6, 8, 7, 1, 3, 6, 8, 5, 4, 9, 2, )
COUNT_NODES= 1605
COUNT_DEADENDS= 1556</message>
</record>
</log>
